<?xml version="1.0" encoding="UTF-8"?>
<!-- Generated by org.testng.reporters.JUnitReportReporter -->
<testsuite hostname="DESKTOP-CDLH9PH" failures="0" tests="1" name="TestNG.Annotation1" time="0.010" errors="0" timestamp="2023-02-10T17:13:46 IST" skipped="0">
  <testcase classname="TestNG.Annotation1" name="TC1" time="0.010"/>
  <system-out>
    <![CDATA[Verfy email]]>
  </system-out>
</testsuite> <!-- TestNG.Annotation1 -->
