<?xml version="1.0" encoding="UTF-8"?>
<!-- Generated by org.testng.reporters.JUnitReportReporter -->
<testsuite hostname="DESKTOP-CDLH9PH" failures="0" tests="2" name="TestNG.Test6" time="0.018" errors="0" timestamp="2023-02-12T19:17:26 IST" skipped="0">
  <testcase classname="TestNG.Test6" name="TC2" time="0.002"/>
  <system-out/>
  <testcase classname="TestNG.Test6" name="TC1" time="0.016"/>
  <system-out/>
</testsuite> <!-- TestNG.Test6 -->
