<?xml version="1.0" encoding="UTF-8"?>
<!-- Generated by org.testng.reporters.JUnitReportReporter -->
<testsuite hostname="DESKTOP-CDLH9PH" failures="0" tests="4" name="TestNG.Test9" time="0.019" errors="0" timestamp="2023-02-13T18:59:56 IST" skipped="1">
  <testcase classname="TestNG.Test9" name="TC4" time="0.002"/>
  <system-out>
    <![CDATA[TC4 is running]]>
  </system-out>
  <testcase classname="TestNG.Test9" name="TC2" time="0.013"/>
  <system-out>
    <![CDATA[TC2 is running]]>
  </system-out>
  <testcase classname="TestNG.Test9" name="TC3" time="0.004"/>
  <system-out>
    <![CDATA[TC3 is running]]>
  </system-out>
  <testcase classname="TestNG.Test9" name="TC1">
    <skipped/>
  </testcase> <!-- TC1 -->
  <system-out/>
</testsuite> <!-- TestNG.Test9 -->
