<?xml version="1.0" encoding="UTF-8"?>
<!-- Generated by org.testng.reporters.JUnitReportReporter -->
<testsuite hostname="DESKTOP-CDLH9PH" failures="0" tests="1" name="TestNG.Parallel2" time="62.902" errors="0" timestamp="2023-02-13T20:16:00 IST" skipped="0">
  <testcase classname="TestNG.Parallel2" name="openflipkart" time="62.902"/>
  <system-out/>
</testsuite> <!-- TestNG.Parallel2 -->
