<?xml version="1.0" encoding="UTF-8"?>
<!-- Generated by org.testng.reporters.JUnitReportReporter -->
<testsuite hostname="DESKTOP-CDLH9PH" failures="0" tests="2" name="TestNG.Disable2" time="0.014" errors="0" timestamp="2023-02-13T19:45:06 IST" skipped="0">
  <testcase classname="TestNG.Disable2" name="TC2" time="0.012"/>
  <system-out>
    <![CDATA[TC2 is running]]>
  </system-out>
  <testcase classname="TestNG.Disable2" name="TC3" time="0.002"/>
  <system-out>
    <![CDATA[TC3 is running]]>
  </system-out>
</testsuite> <!-- TestNG.Disable2 -->
