<?xml version="1.0" encoding="UTF-8"?>
<!-- Generated by org.testng.reporters.JUnitReportReporter -->
<testsuite hostname="DESKTOP-CDLH9PH" failures="0" tests="4" name="TestNG.Keyword4" time="0.019" errors="0" timestamp="2023-02-11T19:41:21 IST" skipped="0">
  <testcase classname="TestNG.Keyword4" name="TC3" time="0.012"/>
  <system-out>
    <![CDATA[The method TC3 is running]]>
  </system-out>
  <testcase classname="TestNG.Keyword4" name="TC4" time="0.003"/>
  <system-out>
    <![CDATA[The method TC4 is running]]>
  </system-out>
  <testcase classname="TestNG.Keyword4" name="TC2" time="0.002"/>
  <system-out>
    <![CDATA[The method TC2 is running]]>
  </system-out>
  <testcase classname="TestNG.Keyword4" name="TC1" time="0.002"/>
  <system-out>
    <![CDATA[The method TC1 is running]]>
  </system-out>
</testsuite> <!-- TestNG.Keyword4 -->
