<?xml version="1.0" encoding="UTF-8"?>
<!-- Generated by org.testng.reporters.JUnitReportReporter -->
<testsuite hostname="DESKTOP-CDLH9PH" failures="0" tests="4" name="TestNG.Keyword5" time="0.027" errors="0" timestamp="2023-02-11T19:51:59 IST" skipped="0">
  <testcase classname="TestNG.Keyword5" name="TC4" time="0.018"/>
  <system-out>
    <![CDATA[Method Tc4 is running]]>
  </system-out>
  <testcase classname="TestNG.Keyword5" name="TC3" time="0.003"/>
  <system-out>
    <![CDATA[Method TC3 is running]]>
  </system-out>
  <testcase classname="TestNG.Keyword5" name="TC1" time="0.002"/>
  <system-out>
    <![CDATA[Method TC1 is running]]>
  </system-out>
  <testcase classname="TestNG.Keyword5" name="TC2" time="0.004"/>
  <system-out>
    <![CDATA[Method TC2 is running]]>
  </system-out>
</testsuite> <!-- TestNG.Keyword5 -->
