<?xml version="1.0" encoding="UTF-8"?>
<!-- Generated by org.testng.reporters.JUnitReportReporter -->
<testsuite hostname="DESKTOP-CDLH9PH" failures="0" tests="2" name="TestNG.Sample2" time="0.020" errors="0" timestamp="2023-02-13T00:36:49 IST" skipped="0">
  <testcase classname="TestNG.Sample2" name="TC6" time="0.003"/>
  <system-out>
    <![CDATA[TC@ is run]]>
  </system-out>
  <testcase classname="TestNG.Sample2" name="TC5" time="0.017"/>
  <system-out>
    <![CDATA[TC1 is run]]>
  </system-out>
</testsuite> <!-- TestNG.Sample2 -->
