<?xml version="1.0" encoding="UTF-8"?>
<!-- Generated by org.testng.reporters.JUnitReportReporter -->
<testsuite hostname="DESKTOP-CDLH9PH" failures="0" tests="2" name="TestNG.sample1" time="0.010" errors="0" timestamp="2023-02-13T00:36:49 IST" skipped="0">
  <testcase classname="TestNG.sample1" name="TC1" time="0.007"/>
  <system-out>
    <![CDATA[Tc1 is Run]]>
  </system-out>
  <testcase classname="TestNG.sample1" name="TC2" time="0.003"/>
  <system-out>
    <![CDATA[Tc2 is run]]>
  </system-out>
</testsuite> <!-- TestNG.sample1 -->
