<?xml version="1.0" encoding="UTF-8"?>
<!-- Generated by org.testng.reporters.JUnitReportReporter -->
<testsuite hostname="DESKTOP-CDLH9PH" failures="0" tests="3" name="TestNG.Keyword3" time="0.020" errors="0" timestamp="2023-02-11T19:30:46 IST" skipped="0">
  <testcase classname="TestNG.Keyword3" name="TC3" time="0.015"/>
  <system-out>
    <![CDATA[The method T3]]>
  </system-out>
  <testcase classname="TestNG.Keyword3" name="TC1" time="0.002"/>
  <system-out>
    <![CDATA[The method TC1 is running]]>
  </system-out>
  <testcase classname="TestNG.Keyword3" name="TC2" time="0.003"/>
  <system-out>
    <![CDATA[The method TC2 is running]]>
  </system-out>
</testsuite> <!-- TestNG.Keyword3 -->
