<?xml version="1.0" encoding="UTF-8"?>
<!-- Generated by org.testng.reporters.JUnitReportReporter -->
<testsuite hostname="DESKTOP-CDLH9PH" failures="0" tests="1" name="TestNG.TestNG" time="8.728" errors="0" timestamp="2023-02-10T17:00:54 IST" skipped="0">
  <testcase classname="TestNG.TestNG" name="OpenfaceBook" time="8.728"/>
  <system-out/>
</testsuite> <!-- TestNG.TestNG -->
