<?xml version="1.0" encoding="UTF-8"?>
<!-- Generated by org.testng.reporters.JUnitReportReporter -->
<testsuite hostname="DESKTOP-CDLH9PH" failures="0" tests="2" name="TestNG.Multi_Browser_Testing" time="64.367" errors="0" timestamp="2023-03-05T16:43:33 IST" skipped="0">
  <testcase classname="TestNG.Multi_Browser_Testing" name="TC1" time="34.359"/>
  <system-out/>
  <testcase classname="TestNG.Multi_Browser_Testing" name="TC1" time="30.008"/>
  <system-out/>
</testsuite> <!-- TestNG.Multi_Browser_Testing -->
