<?xml version="1.0" encoding="UTF-8"?>
<!-- Generated by org.testng.reporters.JUnitReportReporter -->
<testsuite hostname="DESKTOP-CDLH9PH" failures="0" tests="10" name="TestNG.Keyword1" time="0.062" errors="0" timestamp="2023-02-11T19:06:26 IST" skipped="0">
  <testcase classname="TestNG.Keyword1" name="TC1" time="0.014"/>
  <system-out>
    <![CDATA[The method TC1 is running]]>
  </system-out>
  <testcase classname="TestNG.Keyword1" name="TC1" time="0.004"/>
  <system-out>
    <![CDATA[The method TC1 is running]]>
  </system-out>
  <testcase classname="TestNG.Keyword1" name="TC1" time="0.002"/>
  <system-out>
    <![CDATA[The method TC1 is running]]>
  </system-out>
  <testcase classname="TestNG.Keyword1" name="TC1" time="0.005"/>
  <system-out>
    <![CDATA[The method TC1 is running]]>
  </system-out>
  <testcase classname="TestNG.Keyword1" name="TC1" time="0.003"/>
  <system-out>
    <![CDATA[The method TC1 is running]]>
  </system-out>
  <testcase classname="TestNG.Keyword1" name="TC1" time="0.002"/>
  <system-out>
    <![CDATA[The method TC1 is running]]>
  </system-out>
  <testcase classname="TestNG.Keyword1" name="TC1" time="0.002"/>
  <system-out>
    <![CDATA[The method TC1 is running]]>
  </system-out>
  <testcase classname="TestNG.Keyword1" name="TC1" time="0.010"/>
  <system-out>
    <![CDATA[The method TC1 is running]]>
  </system-out>
  <testcase classname="TestNG.Keyword1" name="TC1" time="0.008"/>
  <system-out>
    <![CDATA[The method TC1 is running]]>
  </system-out>
  <testcase classname="TestNG.Keyword1" name="TC1" time="0.012"/>
  <system-out>
    <![CDATA[The method TC1 is running]]>
  </system-out>
</testsuite> <!-- TestNG.Keyword1 -->
