<?xml version="1.0" encoding="UTF-8"?>
<!-- Generated by org.testng.reporters.JUnitReportReporter -->
<testsuite hostname="DESKTOP-CDLH9PH" failures="0" tests="4" name="TestNG.keyword10" time="0.019" errors="0" timestamp="2023-02-11T20:25:26 IST" skipped="0">
  <testcase classname="TestNG.keyword10" name="TC3" time="0.014"/>
  <system-out>
    <![CDATA[TC3 is running]]>
  </system-out>
  <testcase classname="TestNG.keyword10" name="Tc4" time="0.001"/>
  <system-out>
    <![CDATA[Tc4 is running]]>
  </system-out>
  <testcase classname="TestNG.keyword10" name="TC1" time="0.002"/>
  <system-out>
    <![CDATA[Tc1 is running]]>
  </system-out>
  <testcase classname="TestNG.keyword10" name="TC2" time="0.002"/>
  <system-out>
    <![CDATA[Tc2 is running]]>
  </system-out>
</testsuite> <!-- TestNG.keyword10 -->
