<?xml version="1.0" encoding="UTF-8"?>
<!-- Generated by org.testng.reporters.JUnitReportReporter -->
<testsuite hostname="DESKTOP-CDLH9PH" failures="0" tests="2" name="TestNG.sample3" time="0.005" errors="0" timestamp="2023-02-13T00:36:49 IST" skipped="0">
  <testcase classname="TestNG.sample3" name="TC3" time="0.002"/>
  <system-out>
    <![CDATA[Tc3 is run]]>
  </system-out>
  <testcase classname="TestNG.sample3" name="TC4" time="0.003"/>
  <system-out>
    <![CDATA[TC4 is run]]>
  </system-out>
</testsuite> <!-- TestNG.sample3 -->
