<?xml version="1.0" encoding="UTF-8"?>
<!-- Generated by org.testng.reporters.JUnitReportReporter -->
<testsuite hostname="DESKTOP-CDLH9PH" failures="0" tests="3" name="TestNG.Disable1" time="0.021" errors="0" timestamp="2023-02-13T19:22:53 IST" skipped="0">
  <testcase classname="TestNG.Disable1" name="TC2" time="0.015"/>
  <system-out>
    <![CDATA[TC2 is running]]>
  </system-out>
  <testcase classname="TestNG.Disable1" name="TC3" time="0.003"/>
  <system-out>
    <![CDATA[TC3 is running]]>
  </system-out>
  <testcase classname="TestNG.Disable1" name="TC4" time="0.003"/>
  <system-out>
    <![CDATA[TC4 is running]]>
  </system-out>
</testsuite> <!-- TestNG.Disable1 -->
