<?xml version="1.0" encoding="UTF-8"?>
<!-- Generated by org.testng.reporters.JUnitReportReporter -->
<testsuite hostname="DESKTOP-CDLH9PH" failures="0" tests="2" name="TestNG.keyword9" time="0.016" errors="0" timestamp="2023-02-15T06:25:24 IST" skipped="0">
  <testcase classname="TestNG.keyword9" name="Logout" time="0.002"/>
  <system-out>
    <![CDATA[Method Logout is running]]>
  </system-out>
  <testcase classname="TestNG.keyword9" name="Login" time="0.014"/>
  <system-out>
    <![CDATA[method Login is running]]>
  </system-out>
</testsuite> <!-- TestNG.keyword9 -->
