<?xml version="1.0" encoding="UTF-8"?>
<!-- Generated by org.testng.reporters.JUnitReportReporter -->
<testsuite hostname="DESKTOP-CDLH9PH" failures="0" tests="2" name="TestNG.Group_Testcase" time="0.021" errors="0" timestamp="2023-03-08T07:35:48 IST" skipped="0">
  <testcase classname="TestNG.Group_Testcase" name="TC3" time="0.018"/>
  <system-out>
    <![CDATA[TC3 is run]]>
  </system-out>
  <testcase classname="TestNG.Group_Testcase" name="TC4" time="0.003"/>
  <system-out>
    <![CDATA[TC4 is run]]>
  </system-out>
</testsuite> <!-- TestNG.Group_Testcase -->
