<?xml version="1.0" encoding="UTF-8"?>
<!-- Generated by org.testng.reporters.JUnitReportReporter -->
<testsuite hostname="DESKTOP-CDLH9PH" failures="0" tests="2" name="TestNG.Keyword2" time="0.018" errors="0" timestamp="2023-02-11T19:12:00 IST" skipped="0">
  <testcase classname="TestNG.Keyword2" name="TC2" time="0.015"/>
  <system-out>
    <![CDATA[the method TC2 is running]]>
  </system-out>
  <testcase classname="TestNG.Keyword2" name="TC1" time="0.003"/>
  <system-out>
    <![CDATA[The method TC1 is running]]>
  </system-out>
</testsuite> <!-- TestNG.Keyword2 -->
