<?xml version="1.0" encoding="UTF-8"?>
<!-- Generated by org.testng.reporters.JUnitReportReporter -->
<testsuite hostname="DESKTOP-CDLH9PH" failures="0" tests="1" name="TestNG.Demo3" time="0.013" errors="0" timestamp="2023-03-08T08:44:39 IST" skipped="0">
  <testcase classname="TestNG.Demo3" name="TC5" time="0.013"/>
  <system-out>
    <![CDATA[Tc5 is run]]>
  </system-out>
</testsuite> <!-- TestNG.Demo3 -->
