<?xml version="1.0" encoding="UTF-8"?>
<!-- Generated by org.testng.reporters.JUnitReportReporter -->
<testsuite hostname="DESKTOP-CDLH9PH" failures="0" tests="2" name="TestNG.keyword7" time="0.021" errors="0" timestamp="2023-03-08T09:05:18 IST" skipped="0">
  <testcase classname="TestNG.keyword7" name="TC1" time="0.019"/>
  <system-out>
    <![CDATA[The method TC1 is running]]>
  </system-out>
  <testcase classname="TestNG.keyword7" name="TC2" time="0.002"/>
  <system-out>
    <![CDATA[The method is TC2 is running]]>
  </system-out>
</testsuite> <!-- TestNG.keyword7 -->
