<?xml version="1.0" encoding="UTF-8"?>
<!-- Generated by org.testng.reporters.JUnitReportReporter -->
<testsuite hostname="DESKTOP-CDLH9PH" failures="0" tests="1" name="TestNG.Parallel3" time="60.309" errors="0" timestamp="2023-02-13T20:16:00 IST" skipped="0">
  <testcase classname="TestNG.Parallel3" name="OpenKite" time="60.309"/>
  <system-out/>
</testsuite> <!-- TestNG.Parallel3 -->
